{"numTotalTestSuites":9,"numPassedTestSuites":9,"numFailedTestSuites":0,"numPendingTestSuites":0,"numTotalTests":18,"numPassedTests":17,"numFailedTests":1,"numPendingTests":0,"numTodoTests":0,"startTime":1753555927757,"success":false,"testResults":[{"assertionResults":[{"ancestorTitles":["","Backend Integration Tests","Module Registration and Discovery"],"fullName":" Backend Integration Tests Module Registration and Discovery should discover and register modules from modules directory","status":"passed","title":"should discover and register modules from modules directory","duration":82,"failureMessages":[]},{"ancestorTitles":["","Backend Integration Tests","Module Registration and Discovery"],"fullName":" Backend Integration Tests Module Registration and Discovery should handle module registration with invalid manifest","status":"passed","title":"should handle module registration with invalid manifest","duration":27,"failureMessages":[]},{"ancestorTitles":["","Backend Integration Tests","Module Registration and Discovery"],"fullName":" Backend Integration Tests Module Registration and Discovery should handle hot reloading of modules","status":"passed","title":"should handle hot reloading of modules","duration":7110,"failureMessages":[]},{"ancestorTitles":["","Backend Integration Tests","Message Routing and Signal Flow"],"fullName":" Backend Integration Tests Message Routing and Signal Flow should route messages from input to output modules (one-to-one)","status":"passed","title":"should route messages from input to output modules (one-to-one)","duration":87,"failureMessages":[]},{"ancestorTitles":["","Backend Integration Tests","Message Routing and Signal Flow"],"fullName":" Backend Integration Tests Message Routing and Signal Flow should route messages from one input to multiple outputs (one-to-many)","status":"passed","title":"should route messages from one input to multiple outputs (one-to-many)","duration":76,"failureMessages":[]},{"ancestorTitles":["","Backend Integration Tests","Message Routing and Signal Flow"],"fullName":" Backend Integration Tests Message Routing and Signal Flow should route messages from multiple inputs to one output (many-to-one)","status":"passed","title":"should route messages from multiple inputs to one output (many-to-one)","duration":80,"failureMessages":[]},{"ancestorTitles":["","Backend Integration Tests","Message Routing and Signal Flow"],"fullName":" Backend Integration Tests Message Routing and Signal Flow should handle conditional routing based on message content","status":"passed","title":"should handle conditional routing based on message content","duration":77,"failureMessages":[]},{"ancestorTitles":["","Backend Integration Tests","Trigger and Streaming Events"],"fullName":" Backend Integration Tests Trigger and Streaming Events should handle trigger events through the system","status":"passed","title":"should handle trigger events through the system","duration":78,"failureMessages":[]},{"ancestorTitles":["","Backend Integration Tests","Trigger and Streaming Events"],"fullName":" Backend Integration Tests Trigger and Streaming Events should handle streaming events through the system","status":"passed","title":"should handle streaming events through the system","duration":125,"failureMessages":[]},{"ancestorTitles":["","Backend Integration Tests","API Updates and State Management"],"fullName":" Backend Integration Tests API Updates and State Management should handle module configuration updates through API","status":"passed","title":"should handle module configuration updates through API","duration":17,"failureMessages":[]},{"ancestorTitles":["","Backend Integration Tests","API Updates and State Management"],"fullName":" Backend Integration Tests API Updates and State Management should handle module state persistence","status":"passed","title":"should handle module state persistence","duration":23,"failureMessages":[]},{"ancestorTitles":["","Backend Integration Tests","Error Handling and Recovery"],"fullName":" Backend Integration Tests Error Handling and Recovery should handle module initialization errors gracefully","status":"passed","title":"should handle module initialization errors gracefully","duration":17,"failureMessages":[]},{"ancestorTitles":["","Backend Integration Tests","Error Handling and Recovery"],"fullName":" Backend Integration Tests Error Handling and Recovery should handle message routing errors gracefully","status":"passed","title":"should handle message routing errors gracefully","duration":19,"failureMessages":[]},{"ancestorTitles":["","Backend Integration Tests","Error Handling and Recovery"],"fullName":" Backend Integration Tests Error Handling and Recovery should handle module re-registration during runtime","status":"failed","title":"should handle module re-registration during runtime","duration":15032,"failureMessages":["expected false to be true // Object.is equality"],"location":{"line":1050,"column":21}},{"ancestorTitles":["","Backend Integration Tests","Performance and Metrics"],"fullName":" Backend Integration Tests Performance and Metrics should track message routing performance metrics","status":"passed","title":"should track message routing performance metrics","duration":11,"failureMessages":[]},{"ancestorTitles":["","Backend Integration Tests","Performance and Metrics"],"fullName":" Backend Integration Tests Performance and Metrics should handle high message throughput","status":"passed","title":"should handle high message throughput","duration":32,"failureMessages":[]},{"ancestorTitles":["","Backend Integration Tests","System Integration"],"fullName":" Backend Integration Tests System Integration should handle complete system startup and shutdown","status":"passed","title":"should handle complete system startup and shutdown","duration":7,"failureMessages":[]},{"ancestorTitles":["","Backend Integration Tests","System Integration"],"fullName":" Backend Integration Tests System Integration should handle concurrent module operations","status":"passed","title":"should handle concurrent module operations","duration":11,"failureMessages":[]}],"startTime":1753555928662,"endTime":1753555951575,"status":"failed","message":"","name":"C:/Users/Kaiman/Desktop/Interactor2/Tests/integration/BackendIntegration.test.ts"}]}