{"numTotalTestSuites":41,"numPassedTestSuites":41,"numFailedTestSuites":0,"numPendingTestSuites":0,"numTotalTests":67,"numPassedTests":57,"numFailedTests":10,"numPendingTests":0,"numTodoTests":0,"startTime":1753634504900,"success":false,"testResults":[{"assertionResults":[{"ancestorTitles":["","Simplified Backend Integration Tests","Core Services Integration"],"fullName":" Simplified Backend Integration Tests Core Services Integration should initialize all core services as singletons","status":"passed","title":"should initialize all core services as singletons","duration":75,"failureMessages":[]},{"ancestorTitles":["","Simplified Backend Integration Tests","Core Services Integration"],"fullName":" Simplified Backend Integration Tests Core Services Integration should load modules at startup","status":"passed","title":"should load modules at startup","duration":18,"failureMessages":[]},{"ancestorTitles":["","Simplified Backend Integration Tests","Core Services Integration"],"fullName":" Simplified Backend Integration Tests Core Services Integration should initialize state manager with default state","status":"passed","title":"should initialize state manager with default state","duration":24,"failureMessages":[]},{"ancestorTitles":["","Simplified Backend Integration Tests","Interaction Management"],"fullName":" Simplified Backend Integration Tests Interaction Management should register interaction map atomically","status":"passed","title":"should register interaction map atomically","duration":15,"failureMessages":[]},{"ancestorTitles":["","Simplified Backend Integration Tests","Interaction Management"],"fullName":" Simplified Backend Integration Tests Interaction Management should replace existing interactions when registering new map","status":"passed","title":"should replace existing interactions when registering new map","duration":9,"failureMessages":[]},{"ancestorTitles":["","Simplified Backend Integration Tests","Interaction Management"],"fullName":" Simplified Backend Integration Tests Interaction Management should handle empty interaction map","status":"passed","title":"should handle empty interaction map","duration":8,"failureMessages":[]},{"ancestorTitles":["","Simplified Backend Integration Tests","Module System"],"fullName":" Simplified Backend Integration Tests Module System should load module manifests at startup","status":"failed","title":"should load module manifests at startup","duration":15,"failureMessages":["expected 0 to be greater than 0"],"location":{"line":170,"column":30}},{"ancestorTitles":["","Simplified Backend Integration Tests","Module System"],"fullName":" Simplified Backend Integration Tests Module System should not support hot reloading","status":"passed","title":"should not support hot reloading","duration":11,"failureMessages":[]},{"ancestorTitles":["","Simplified Backend Integration Tests","State Persistence"],"fullName":" Simplified Backend Integration Tests State Persistence should persist state to file","status":"passed","title":"should persist state to file","duration":22,"failureMessages":[]},{"ancestorTitles":["","Simplified Backend Integration Tests","State Persistence"],"fullName":" Simplified Backend Integration Tests State Persistence should load state from file on restart","status":"passed","title":"should load state from file on restart","duration":33,"failureMessages":[]},{"ancestorTitles":["","Simplified Backend Integration Tests","Settings Management"],"fullName":" Simplified Backend Integration Tests Settings Management should manage system settings","status":"passed","title":"should manage system settings","duration":18,"failureMessages":[]},{"ancestorTitles":["","Simplified Backend Integration Tests","Settings Management"],"fullName":" Simplified Backend Integration Tests Settings Management should remove settings","status":"passed","title":"should remove settings","duration":13,"failureMessages":[]},{"ancestorTitles":["","Simplified Backend Integration Tests","System Statistics"],"fullName":" Simplified Backend Integration Tests System Statistics should collect system statistics","status":"passed","title":"should collect system statistics","duration":5,"failureMessages":[]},{"ancestorTitles":["","Simplified Backend Integration Tests","System Statistics"],"fullName":" Simplified Backend Integration Tests System Statistics should track message routing statistics","status":"passed","title":"should track message routing statistics","duration":112,"failureMessages":[]},{"ancestorTitles":["","Simplified Backend Integration Tests","Logging Integration"],"fullName":" Simplified Backend Integration Tests Logging Integration should log system events","status":"passed","title":"should log system events","duration":9,"failureMessages":[]},{"ancestorTitles":["","Simplified Backend Integration Tests","Server Lifecycle"],"fullName":" Simplified Backend Integration Tests Server Lifecycle should start and stop server gracefully","status":"passed","title":"should start and stop server gracefully","duration":9,"failureMessages":[]},{"ancestorTitles":["","Simplified Backend Integration Tests","Server Lifecycle"],"fullName":" Simplified Backend Integration Tests Server Lifecycle should handle multiple start/stop cycles","status":"passed","title":"should handle multiple start/stop cycles","duration":21,"failureMessages":[]},{"ancestorTitles":["","Simplified Backend Integration Tests","Error Handling"],"fullName":" Simplified Backend Integration Tests Error Handling should handle invalid interaction data gracefully","status":"passed","title":"should handle invalid interaction data gracefully","duration":11,"failureMessages":[]},{"ancestorTitles":["","Simplified Backend Integration Tests","Error Handling"],"fullName":" Simplified Backend Integration Tests Error Handling should handle file system errors gracefully","status":"passed","title":"should handle file system errors gracefully","duration":12,"failureMessages":[]},{"ancestorTitles":["","Simplified Backend Integration Tests","Performance"],"fullName":" Simplified Backend Integration Tests Performance should handle large interaction maps efficiently","status":"passed","title":"should handle large interaction maps efficiently","duration":12,"failureMessages":[]}],"startTime":1753635124410,"endTime":1753635124864,"status":"failed","message":"","name":"C:/Users/Kaiman/Desktop/Interactor2/Tests/integration/BackendIntegration.test.ts"},{"assertionResults":[{"ancestorTitles":["","Simplified API Integration Tests","REST API Endpoints"],"fullName":" Simplified API Integration Tests REST API Endpoints should return system status","status":"passed","title":"should return system status","duration":73,"failureMessages":[]},{"ancestorTitles":["","Simplified API Integration Tests","REST API Endpoints"],"fullName":" Simplified API Integration Tests REST API Endpoints should list available modules","status":"passed","title":"should list available modules","duration":16,"failureMessages":[]},{"ancestorTitles":["","Simplified API Integration Tests","REST API Endpoints"],"fullName":" Simplified API Integration Tests REST API Endpoints should get module manifest","status":"failed","title":"should get module manifest","duration":15,"failureMessages":["expected 200 \"OK\", got 404 \"Not Found\""],"location":{"line":64,"column":10}},{"ancestorTitles":["","Simplified API Integration Tests","Interaction Management"],"fullName":" Simplified API Integration Tests Interaction Management should register interaction map","status":"passed","title":"should register interaction map","duration":24,"failureMessages":[]},{"ancestorTitles":["","Simplified API Integration Tests","Interaction Management"],"fullName":" Simplified API Integration Tests Interaction Management should replace existing interactions when registering","status":"passed","title":"should replace existing interactions when registering","duration":42,"failureMessages":[]},{"ancestorTitles":["","Simplified API Integration Tests","Interaction Management"],"fullName":" Simplified API Integration Tests Interaction Management should handle empty interaction map","status":"passed","title":"should handle empty interaction map","duration":16,"failureMessages":[]},{"ancestorTitles":["","Simplified API Integration Tests","Interaction Management"],"fullName":" Simplified API Integration Tests Interaction Management should handle invalid interaction data","status":"passed","title":"should handle invalid interaction data","duration":8,"failureMessages":[]},{"ancestorTitles":["","Simplified API Integration Tests","Manual Trigger"],"fullName":" Simplified API Integration Tests Manual Trigger should return 404 for non-existent module instance","status":"passed","title":"should return 404 for non-existent module instance","duration":8,"failureMessages":[]},{"ancestorTitles":["","Simplified API Integration Tests","Settings Management"],"fullName":" Simplified API Integration Tests Settings Management should return empty settings initially","status":"passed","title":"should return empty settings initially","duration":7,"failureMessages":[]},{"ancestorTitles":["","Simplified API Integration Tests","Settings Management"],"fullName":" Simplified API Integration Tests Settings Management should set and get setting","status":"passed","title":"should set and get setting","duration":14,"failureMessages":[]},{"ancestorTitles":["","Simplified API Integration Tests","Settings Management"],"fullName":" Simplified API Integration Tests Settings Management should handle invalid setting data","status":"passed","title":"should handle invalid setting data","duration":12,"failureMessages":[]},{"ancestorTitles":["","Simplified API Integration Tests","System Stats"],"fullName":" Simplified API Integration Tests System Stats should return system statistics","status":"passed","title":"should return system statistics","duration":9,"failureMessages":[]},{"ancestorTitles":["","Simplified API Integration Tests","Logs"],"fullName":" Simplified API Integration Tests Logs should return recent logs","status":"passed","title":"should return recent logs","duration":13,"failureMessages":[]},{"ancestorTitles":["","Simplified API Integration Tests","Logs"],"fullName":" Simplified API Integration Tests Logs should return limited number of logs","status":"passed","title":"should return limited number of logs","duration":9,"failureMessages":[]},{"ancestorTitles":["","Simplified API Integration Tests","Error Handling"],"fullName":" Simplified API Integration Tests Error Handling should return 404 for unknown endpoints","status":"passed","title":"should return 404 for unknown endpoints","duration":8,"failureMessages":[]},{"ancestorTitles":["","Simplified API Integration Tests","Error Handling"],"fullName":" Simplified API Integration Tests Error Handling should handle invalid JSON in request body","status":"passed","title":"should handle invalid JSON in request body","duration":12,"failureMessages":[]},{"ancestorTitles":["","Simplified API Integration Tests","Content Type"],"fullName":" Simplified API Integration Tests Content Type should return JSON content type","status":"passed","title":"should return JSON content type","duration":11,"failureMessages":[]}],"startTime":1753635124532,"endTime":1753635124831,"status":"failed","message":"","name":"C:/Users/Kaiman/Desktop/Interactor2/Tests/integration/APIWebSocket.test.ts"},{"assertionResults":[{"ancestorTitles":["","Simplified Module Lifecycle Integration Tests","Module Loading"],"fullName":" Simplified Module Lifecycle Integration Tests Module Loading should load modules at startup","status":"failed","title":"should load modules at startup","duration":80,"failureMessages":["expected 0 to be greater than 0"],"location":{"line":54,"column":30}},{"ancestorTitles":["","Simplified Module Lifecycle Integration Tests","Module Loading"],"fullName":" Simplified Module Lifecycle Integration Tests Module Loading should load predefined modules","status":"failed","title":"should load predefined modules","duration":27,"failureMessages":["expected [] to have a length of 9 but got +0"],"location":{"line":62,"column":25}},{"ancestorTitles":["","Simplified Module Lifecycle Integration Tests","Module Loading"],"fullName":" Simplified Module Lifecycle Integration Tests Module Loading should not support hot reloading","status":"passed","title":"should not support hot reloading","duration":13,"failureMessages":[]},{"ancestorTitles":["","Simplified Module Lifecycle Integration Tests","Module Manifest Validation"],"fullName":" Simplified Module Lifecycle Integration Tests Module Manifest Validation should validate module manifest structure","status":"failed","title":"should validate module manifest structure","duration":15,"failureMessages":["expected [] to have a length of 9 but got +0"],"location":{"line":85,"column":23}},{"ancestorTitles":["","Simplified Module Lifecycle Integration Tests","Module Manifest Validation"],"fullName":" Simplified Module Lifecycle Integration Tests Module Manifest Validation should validate module events","status":"failed","title":"should validate module events","duration":13,"failureMessages":["expected [] to have a length of 9 but got +0"],"location":{"line":96,"column":23}},{"ancestorTitles":["","Simplified Module Lifecycle Integration Tests","Module Manifest Validation"],"fullName":" Simplified Module Lifecycle Integration Tests Module Manifest Validation should validate module config schema","status":"failed","title":"should validate module config schema","duration":14,"failureMessages":["expected [] to have a length of 9 but got +0"],"location":{"line":104,"column":23}},{"ancestorTitles":["","Simplified Module Lifecycle Integration Tests","Module State Management"],"fullName":" Simplified Module Lifecycle Integration Tests Module State Management should store module instances in state","status":"passed","title":"should store module instances in state","duration":19,"failureMessages":[]},{"ancestorTitles":["","Simplified Module Lifecycle Integration Tests","Module State Management"],"fullName":" Simplified Module Lifecycle Integration Tests Module State Management should update module instance configuration","status":"passed","title":"should update module instance configuration","duration":22,"failureMessages":[]},{"ancestorTitles":["","Simplified Module Lifecycle Integration Tests","Module State Management"],"fullName":" Simplified Module Lifecycle Integration Tests Module State Management should remove module instances","status":"passed","title":"should remove module instances","duration":25,"failureMessages":[]},{"ancestorTitles":["","Simplified Module Lifecycle Integration Tests","Module Configuration Validation"],"fullName":" Simplified Module Lifecycle Integration Tests Module Configuration Validation should validate module configuration against schema","status":"failed","title":"should validate module configuration against schema","duration":17,"failureMessages":["expected [] to have a length of 9 but got +0"],"location":{"line":177,"column":23}},{"ancestorTitles":["","Simplified Module Lifecycle Integration Tests","Module Persistence"],"fullName":" Simplified Module Lifecycle Integration Tests Module Persistence should persist module instances to state file","status":"passed","title":"should persist module instances to state file","duration":25,"failureMessages":[]},{"ancestorTitles":["","Simplified Module Lifecycle Integration Tests","Error Handling"],"fullName":" Simplified Module Lifecycle Integration Tests Error Handling should handle missing module manifests gracefully","status":"passed","title":"should handle missing module manifests gracefully","duration":13,"failureMessages":[]},{"ancestorTitles":["","Simplified Module Lifecycle Integration Tests","Error Handling"],"fullName":" Simplified Module Lifecycle Integration Tests Error Handling should handle invalid module configurations gracefully","status":"passed","title":"should handle invalid module configurations gracefully","duration":19,"failureMessages":[]},{"ancestorTitles":["","Simplified Module Lifecycle Integration Tests","Performance"],"fullName":" Simplified Module Lifecycle Integration Tests Performance should handle many module instances efficiently","status":"passed","title":"should handle many module instances efficiently","duration":128,"failureMessages":[]}],"startTime":1753635124319,"endTime":1753635124753,"status":"failed","message":"","name":"C:/Users/Kaiman/Desktop/Interactor2/Tests/integration/ModuleLifecycle.test.ts"},{"assertionResults":[{"ancestorTitles":["","Simplified Backend API","Health Check"],"fullName":" Simplified Backend API Health Check should return health status","status":"passed","title":"should return health status","duration":100,"failureMessages":[]},{"ancestorTitles":["","Simplified Backend API","System Stats"],"fullName":" Simplified Backend API System Stats should return system stats","status":"passed","title":"should return system stats","duration":29,"failureMessages":[]},{"ancestorTitles":["","Simplified Backend API","Module Management"],"fullName":" Simplified Backend API Module Management should return list of available modules","status":"passed","title":"should return list of available modules","duration":19,"failureMessages":[]},{"ancestorTitles":["","Simplified Backend API","Module Management"],"fullName":" Simplified Backend API Module Management should return 404 for non-existent module","status":"passed","title":"should return 404 for non-existent module","duration":16,"failureMessages":[]},{"ancestorTitles":["","Simplified Backend API","Module Management"],"fullName":" Simplified Backend API Module Management should return module manifest for existing module","status":"failed","title":"should return module manifest for existing module","duration":14,"failureMessages":["expected 200 \"OK\", got 404 \"Not Found\""],"location":{"line":95,"column":10}},{"ancestorTitles":["","Simplified Backend API","Interaction Management"],"fullName":" Simplified Backend API Interaction Management should return empty interactions list initially","status":"failed","title":"should return empty interactions list initially","duration":37,"failureMessages":["expected [ { id: 'restart-test', …(5) } ] to have a length of +0 but got 1"],"location":{"line":114,"column":47}},{"ancestorTitles":["","Simplified Backend API","Interaction Management"],"fullName":" Simplified Backend API Interaction Management should register interaction map","status":"passed","title":"should register interaction map","duration":45,"failureMessages":[]},{"ancestorTitles":["","Simplified Backend API","Interaction Management"],"fullName":" Simplified Backend API Interaction Management should replace existing interactions when registering","status":"passed","title":"should replace existing interactions when registering","duration":32,"failureMessages":[]},{"ancestorTitles":["","Simplified Backend API","Interaction Management"],"fullName":" Simplified Backend API Interaction Management should handle empty interaction map","status":"passed","title":"should handle empty interaction map","duration":25,"failureMessages":[]},{"ancestorTitles":["","Simplified Backend API","Manual Trigger"],"fullName":" Simplified Backend API Manual Trigger should return 404 for non-existent module instance","status":"passed","title":"should return 404 for non-existent module instance","duration":11,"failureMessages":[]},{"ancestorTitles":["","Simplified Backend API","Settings Management"],"fullName":" Simplified Backend API Settings Management should return empty settings initially","status":"passed","title":"should return empty settings initially","duration":15,"failureMessages":[]},{"ancestorTitles":["","Simplified Backend API","Settings Management"],"fullName":" Simplified Backend API Settings Management should set and get setting","status":"passed","title":"should set and get setting","duration":24,"failureMessages":[]},{"ancestorTitles":["","Simplified Backend API","Logs"],"fullName":" Simplified Backend API Logs should return recent logs","status":"passed","title":"should return recent logs","duration":28,"failureMessages":[]},{"ancestorTitles":["","Simplified Backend API","Logs"],"fullName":" Simplified Backend API Logs should return limited number of logs","status":"passed","title":"should return limited number of logs","duration":19,"failureMessages":[]},{"ancestorTitles":["","Simplified Backend API","Error Handling"],"fullName":" Simplified Backend API Error Handling should return 404 for unknown endpoints","status":"passed","title":"should return 404 for unknown endpoints","duration":15,"failureMessages":[]},{"ancestorTitles":["","Simplified Backend API","Error Handling"],"fullName":" Simplified Backend API Error Handling should handle invalid JSON in request body","status":"passed","title":"should handle invalid JSON in request body","duration":15,"failureMessages":[]}],"startTime":1753635124451,"endTime":1753635124898,"status":"failed","message":"","name":"C:/Users/Kaiman/Desktop/Interactor2/Tests/core/API.test.ts"}]}